===============================================
Auto-Repair Log - 2025-10-06
===============================================

[COMPLETED] Single Source of Truth Implementation
- Created: /includes/layout/_header.html
- Created: /includes/layout/_nav.html  
- Created: /includes/layout/_footer.html
- Updated: /includes/layout/header.php (uses SSoT)
- Updated: /includes/layout/nav.php (uses SSoT)
- Updated: /includes/layout/footer.php (uses SSoT)
- Updated: Twig includes to reference SSoT partials

[COMPLETED] Theme Toggle Fix
- Fixed: No more gray button background
- Fixed: Single icon display (sun OR moon, never both)
- Updated: /public/css/main.css (transparent background)
- Updated: /public/js/theme.js (clean initialization)

[COMPLETED] Navigation & Sidebar
- Fixed: Burger menu clickable on all pages (#menuToggle)
- Fixed: Sidebar toggle functionality  
- Fixed: Active state highlighting with violet gradient
- Added: Proper mobile/desktop responsive behavior

[COMPLETED] JavaScript Unification
- Rewritten: /public/js/app.js (single initialization)
- Fixed: No duplicate event listeners
- Fixed: Clean state management
- Fixed: Global search functionality

[COMPLETED] Modal Z-Index Fixes
- Updated: Modal z-index to 2000 across all files
- Fixed: invoices.php, patients.php, appointments.php, notes.php
- Ensured: Modals appear above all other elements

[COMPLETED] Quick Actions Styling
- Added: Unified .quick-actions grid system
- Added: Consistent .qa-card styling
- Added: Hover effects and transitions
- Added: Dark mode support

[COMPLETED] CSS Cleanup
- Removed: Problematic pointer-events:none rules
- Fixed: Header always clickable
- Added: Sidebar styles with violet theme
- Added: Search overlay styles

RESULT: Frontend fully unified and consistent
- Header identical across all pages
- Theme toggle works correctly
- All interactive elements clickable
- Modals properly visible
- Navigation consistent with SSoT
===============================================